<?xml version="1.0" encoding="UTF-8"?>
<!-- Generated by org.testng.reporters.JUnitReportReporter -->
<testsuite hostname="MSI" failures="0" tests="2" name="POM.SelniumFramework.Tests.SubmitOrderTest" time="29.595" errors="0" timestamp="2024-12-21T13:21:35 IST" skipped="0">
  <testcase classname="POM.SelniumFramework.Tests.SubmitOrderTest" name="orderhistorytest" time="2.258"/>
  <system-out/>
  <testcase classname="POM.SelniumFramework.Tests.SubmitOrderTest" name="submitorder" time="27.337"/>
  <system-out/>
</testsuite> <!-- POM.SelniumFramework.Tests.SubmitOrderTest -->
